<?xml version="1.0" encoding="UTF-8"?>
<!-- Generated by org.testng.reporters.JUnitXMLReporter -->
<testsuite hostname="Sumitha" ignored="0" name="Test" tests="8" failures="0" timestamp="2022-05-10T13:47:37 IST" time="0.079" errors="0">
  <testcase name="getagainlogin" time="0.019" classname="UdemyProject.PractiseMaven.RegDay2Test"/>
  <testcase name="getagainlogout" time="0.0" classname="UdemyProject.PractiseMaven.RegDay2Test"/>
  <testcase name="getHome" time="0.001" classname="UdemyProject.PractiseMaven.RegDay1Test"/>
  <testcase name="getLogout" time="0.001" classname="UdemyProject.PractiseMaven.RegDay1Test"/>
  <testcase name="getURL" time="0.0" classname="UdemyProject.PractiseMaven.Day1Test"/>
  <testcase name="gethome" time="0.0" classname="UdemyProject.PractiseMaven.Day1Test"/>
  <testcase name="getSignup" time="0.001" classname="UdemyProject.PractiseMaven.Day2Test"/>
  <testcase name="getsubmit" time="0.001" classname="UdemyProject.PractiseMaven.Day2Test"/>
</testsuite> <!-- Test -->
