<?xml version="1.0" encoding="UTF-8"?>
<testng-results skipped="0" failed="0" ignored="0" total="8" passed="8">
  <reporter-output>
  </reporter-output>
  <suite name="Suite" duration-ms="79" started-at="2022-05-10T13:47:37 IST" finished-at="2022-05-10T13:47:37 IST">
    <groups>
    </groups>
    <test name="Test" duration-ms="79" started-at="2022-05-10T13:47:37 IST" finished-at="2022-05-10T13:47:37 IST">
      <class name="UdemyProject.PractiseMaven.RegDay1Test">
        <test-method status="PASS" signature="getHome()[pri:0, instance:UdemyProject.PractiseMaven.RegDay1Test@3043fe0e]" name="getHome" duration-ms="1" started-at="2022-05-10T13:47:37 IST" finished-at="2022-05-10T13:47:37 IST">
          <reporter-output>
          </reporter-output>
        </test-method> <!-- getHome -->
        <test-method status="PASS" signature="getLogout()[pri:0, instance:UdemyProject.PractiseMaven.RegDay1Test@3043fe0e]" name="getLogout" duration-ms="1" started-at="2022-05-10T13:47:37 IST" finished-at="2022-05-10T13:47:37 IST">
          <reporter-output>
          </reporter-output>
        </test-method> <!-- getLogout -->
      </class> <!-- UdemyProject.PractiseMaven.RegDay1Test -->
      <class name="UdemyProject.PractiseMaven.RegDay2Test">
        <test-method status="PASS" signature="getagainlogin()[pri:0, instance:UdemyProject.PractiseMaven.RegDay2Test@5faeada1]" name="getagainlogin" duration-ms="19" started-at="2022-05-10T13:47:37 IST" finished-at="2022-05-10T13:47:37 IST">
          <reporter-output>
          </reporter-output>
        </test-method> <!-- getagainlogin -->
        <test-method status="PASS" signature="getagainlogout()[pri:0, instance:UdemyProject.PractiseMaven.RegDay2Test@5faeada1]" name="getagainlogout" duration-ms="0" started-at="2022-05-10T13:47:37 IST" finished-at="2022-05-10T13:47:37 IST">
          <reporter-output>
          </reporter-output>
        </test-method> <!-- getagainlogout -->
      </class> <!-- UdemyProject.PractiseMaven.RegDay2Test -->
      <class name="UdemyProject.PractiseMaven.Day1Test">
        <test-method status="PASS" signature="getURL()[pri:0, instance:UdemyProject.PractiseMaven.Day1Test@78e67e0a]" name="getURL" duration-ms="0" started-at="2022-05-10T13:47:37 IST" finished-at="2022-05-10T13:47:37 IST">
          <reporter-output>
          </reporter-output>
        </test-method> <!-- getURL -->
        <test-method status="PASS" signature="gethome()[pri:0, instance:UdemyProject.PractiseMaven.Day1Test@78e67e0a]" name="gethome" duration-ms="0" started-at="2022-05-10T13:47:37 IST" finished-at="2022-05-10T13:47:37 IST">
          <reporter-output>
          </reporter-output>
        </test-method> <!-- gethome -->
      </class> <!-- UdemyProject.PractiseMaven.Day1Test -->
      <class name="UdemyProject.PractiseMaven.Day2Test">
        <test-method status="PASS" signature="getSignup()[pri:0, instance:UdemyProject.PractiseMaven.Day2Test@bd8db5a]" name="getSignup" duration-ms="1" started-at="2022-05-10T13:47:37 IST" finished-at="2022-05-10T13:47:37 IST">
          <reporter-output>
          </reporter-output>
        </test-method> <!-- getSignup -->
        <test-method status="PASS" signature="getsubmit()[pri:0, instance:UdemyProject.PractiseMaven.Day2Test@bd8db5a]" name="getsubmit" duration-ms="1" started-at="2022-05-10T13:47:37 IST" finished-at="2022-05-10T13:47:37 IST">
          <reporter-output>
          </reporter-output>
        </test-method> <!-- getsubmit -->
      </class> <!-- UdemyProject.PractiseMaven.Day2Test -->
    </test> <!-- Test -->
  </suite> <!-- Suite -->
</testng-results>
